<?xml version="1.0" encoding="UTF-8"?>
<!-- Generated by org.testng.reporters.JUnitXMLReporter -->
<testsuite ignored="10" hostname="IN-MP22FH4Q" failures="0" tests="1" name="BoardTest" time="2.747" errors="0" timestamp="2024-06-10T21:20:33 IST">
  <testcase classname="Test.BoardTest" name="testCreateBoard" time="2.001"/>
  <testcase classname="Test.BoardTest" name="VerifyUnauthorizedAccess" time="0.0">
    <ignored/>
  </testcase> <!-- VerifyUnauthorizedAccess -->
  <testcase classname="Test.BoardTest" name="VerifyInvalidNameMessage" time="0.0">
    <ignored/>
  </testcase> <!-- VerifyInvalidNameMessage -->
  <testcase classname="Test.BoardTest" name="testReadBoard" time="0.0">
    <ignored/>
  </testcase> <!-- testReadBoard -->
  <testcase classname="Test.BoardTest" name="testDeleteBoard" time="0.0">
    <ignored/>
  </testcase> <!-- testDeleteBoard -->
  <testcase classname="Test.BoardTest" name="VerifyNotFoundStatus" time="0.0">
    <ignored/>
  </testcase> <!-- VerifyNotFoundStatus -->
  <testcase classname="Test.BoardTest" name="VerifyBackgroundColor" time="0.0">
    <ignored/>
  </testcase> <!-- VerifyBackgroundColor -->
  <testcase classname="Test.BoardTest" name="VerifyBoardName" time="0.0">
    <ignored/>
  </testcase> <!-- VerifyBoardName -->
  <testcase classname="Test.BoardTest" name="VerifyPermissionLevel" time="0.0">
    <ignored/>
  </testcase> <!-- VerifyPermissionLevel -->
  <testcase classname="Test.BoardTest" name="VerifyCalenderView" time="0.0">
    <ignored/>
  </testcase> <!-- VerifyCalenderView -->
  <testcase classname="Test.BoardTest" name="testUpdateBoardName" time="0.0">
    <ignored/>
  </testcase> <!-- testUpdateBoardName -->
</testsuite> <!-- BoardTest -->
