<?xml version="1.0" encoding="UTF-8"?>
<testng-results ignored="0" total="1" passed="1" failed="0" skipped="0">
  <reporter-output>
  </reporter-output>
  <suite started-at="2024-06-10T19:52:57 IST" name="BoardSuite" finished-at="2024-06-10T19:52:59 IST" duration-ms="2803">
    <groups>
      <group name="Sample testcases">
        <method signature="BoardTest.testCreateBoard()[pri:1, instance:Test.BoardTest@202b0582]" name="testCreateBoard" class="Test.BoardTest"/>
      </group> <!-- Sample testcases -->
    </groups>
    <test started-at="2024-06-10T19:52:57 IST" name="BoardTest" finished-at="2024-06-10T19:52:59 IST" duration-ms="2803">
      <class name="Test.BoardTest">
        <test-method is-config="true" signature="setup()[pri:0, instance:Test.BoardTest@202b0582]" started-at="2024-06-10T19:52:57 IST" name="setup" finished-at="2024-06-10T19:52:57 IST" duration-ms="488" status="PASS">
          <reporter-output>
          </reporter-output>
        </test-method> <!-- setup -->
        <test-method signature="testCreateBoard()[pri:1, instance:Test.BoardTest@202b0582]" started-at="2024-06-10T19:52:57 IST" name="testCreateBoard" finished-at="2024-06-10T19:52:59 IST" duration-ms="2048" status="PASS">
          <reporter-output>
          </reporter-output>
        </test-method> <!-- testCreateBoard -->
      </class> <!-- Test.BoardTest -->
    </test> <!-- BoardTest -->
  </suite> <!-- BoardSuite -->
</testng-results>
